::1 - - [04/Apr/2019:14:42:27 +0200] "GET /phpmyadmin HTTP/1.1" 301 241
::1 - - [04/Apr/2019:14:42:27 +0200] "GET /phpmyadmin/ HTTP/1.1" 200 8521
::1 - - [04/Apr/2019:14:42:34 +0200] "GET /phpmyadmin/themes/pmahomme/img/logo_right.png HTTP/1.1" 200 4548
::1 - - [04/Apr/2019:14:42:34 +0200] "GET /phpmyadmin/js/get_scripts.js.php?scripts[]=jquery/jquery-1.8.3.js&scripts[]=ajax.js&scripts[]=keyhandler.js&scripts[]=jquery/jquery-ui-1.9.2.custom.js&scripts[]=jquery/jquery.sprintf.js&scripts[]=jquery/jquery.cookie.js&scripts[]=jquery/jquery.mousewheel.js&scripts[]=jquery/jquery.event.drag-2.2.js&scripts[]=jquery/jquery-ui-timepicker-addon.js&scripts[]=jquery/jquery.ba-hashchange-1.3.js&scripts[]=jquery/jquery.debounce-1.0.5.js&scripts[]=jquery/jquery.menuResizer-1.0.js&scripts[]=rte.js&scripts[]=functions.js&scripts[]=navigation.js&scripts[]=indexes.js&scripts[]=common.js&scripts[]=codemirror/lib/codemirror.js&scripts[]=codemirror/mode/mysql/mysql.js HTTP/1.1" 200 578562
::1 - - [04/Apr/2019:14:42:34 +0200] "GET /phpmyadmin/phpmyadmin.css.php?server=1&lang=es&collation_connection=utf8_general_ci&token=a8deaa9c61a16c12092e1a8921aa95f5&nocache=4125195912ltr HTTP/1.1" 200 88608
::1 - - [04/Apr/2019:14:42:34 +0200] "GET /phpmyadmin/js/messages.php?lang=es&db=&server=0&collation_connection=utf8_general_ci&token=16861ff63bf2fd7d416f12c6b7b46db1 HTTP/1.1" 200 18333
::1 - - [04/Apr/2019:14:42:34 +0200] "GET /phpmyadmin/js/get_image.js.php?theme=pmahomme HTTP/1.1" 200 6263
::1 - - [04/Apr/2019:14:42:40 +0200] "GET /phpmyadmin/favicon.ico HTTP/1.1" 200 18902
::1 - - [04/Apr/2019:14:42:47 +0200] "POST /phpmyadmin/index.php HTTP/1.1" 302 -
::1 - - [04/Apr/2019:14:42:48 +0200] "GET /phpmyadmin/index.php?token=a8deaa9c61a16c12092e1a8921aa95f5 HTTP/1.1" 200 50111
::1 - - [04/Apr/2019:14:42:50 +0200] "GET /phpmyadmin/themes/pmahomme/img/logo_left.png HTTP/1.1" 200 2327
::1 - - [04/Apr/2019:14:42:50 +0200] "GET /phpmyadmin/phpmyadmin.css.php?server=1&token=a8deaa9c61a16c12092e1a8921aa95f5&nocache=5679577681ltr HTTP/1.1" 200 88608
::1 - - [04/Apr/2019:14:42:50 +0200] "GET /phpmyadmin/js/messages.php?lang=es&db=&server=0&token=a8deaa9c61a16c12092e1a8921aa95f5 HTTP/1.1" 200 18333
::1 - - [04/Apr/2019:14:42:50 +0200] "GET /phpmyadmin/themes/pmahomme/img/left_nav_bg.png HTTP/1.1" 200 297
::1 - - [04/Apr/2019:14:42:50 +0200] "GET /phpmyadmin/version_check.php?&_nocache=1554381770634552762 HTTP/1.1" 200 39
::1 - - [04/Apr/2019:15:13:03 +0200] "GET /phpmyadmin/server_databases.php?db=&token=a8deaa9c61a16c12092e1a8921aa95f5&ajax_request=true&ajax_page_request=true&menuHashes=fa87d693&_nocache=1554383583259792624 HTTP/1.1" 200 342
::1 - - [04/Apr/2019:15:13:05 +0200] "GET /phpmyadmin/index.php?token=a8deaa9c61a16c12092e1a8921aa95f5 HTTP/1.1" 200 8172
::1 - - [04/Apr/2019:15:13:05 +0200] "GET /phpmyadmin/phpmyadmin.css.php?server=1&token=a8deaa9c61a16c12092e1a8921aa95f5&nocache=4125195912ltr HTTP/1.1" 200 88608
::1 - - [04/Apr/2019:15:13:06 +0200] "GET /phpmyadmin/index.php?db=&table=&server=1&target=&token=a8deaa9c61a16c12092e1a8921aa95f5 HTTP/1.1" 200 8137
::1 - - [04/Apr/2019:15:13:06 +0200] "GET /phpmyadmin/js/messages.php?lang=es&db=&token=a8deaa9c61a16c12092e1a8921aa95f5 HTTP/1.1" 200 18333
::1 - - [04/Apr/2019:15:13:08 +0200] "POST /phpmyadmin/index.php HTTP/1.1" 302 -
::1 - - [04/Apr/2019:15:13:08 +0200] "GET /phpmyadmin/index.php?token=a8deaa9c61a16c12092e1a8921aa95f5 HTTP/1.1" 200 50111
::1 - - [04/Apr/2019:15:13:08 +0200] "GET /phpmyadmin/version_check.php?&_nocache=1554383588884440547 HTTP/1.1" 200 39
::1 - - [04/Apr/2019:15:13:12 +0200] "GET /phpmyadmin/server_databases.php?db=&token=a8deaa9c61a16c12092e1a8921aa95f5&ajax_request=true&ajax_page_request=true&menuHashes=fa87d693&_nocache=1554383592698982273 HTTP/1.1" 200 43128
::1 - - [04/Apr/2019:15:13:13 +0200] "GET /phpmyadmin/js/get_scripts.js.php?scripts[]=server_databases.js HTTP/1.1" 200 1818
::1 - - [04/Apr/2019:15:13:26 +0200] "POST /phpmyadmin/db_create.php HTTP/1.1" 200 2569
::1 - - [04/Apr/2019:15:13:26 +0200] "POST /phpmyadmin/navigation.php?ajax_request=1&token=a8deaa9c61a16c12092e1a8921aa95f5 HTTP/1.1" 200 3858
::1 - - [04/Apr/2019:15:13:29 +0200] "GET /phpmyadmin/db_structure.php?server=1&db=ejercicioabogados&token=a8deaa9c61a16c12092e1a8921aa95f5&ajax_request=true&ajax_page_request=true&menuHashes=fa87d693-90e38c0a&_nocache=1554383609089760256 HTTP/1.1" 200 5828
::1 - - [04/Apr/2019:15:13:29 +0200] "GET /phpmyadmin/js/get_scripts.js.php?scripts[]=db_structure.js&scripts[]=tbl_change.js HTTP/1.1" 200 12382
::1 - - [04/Apr/2019:15:16:35 +0200] "GET /phpmyadmin/navigation.php?ajax_request=1&token=a8deaa9c61a16c12092e1a8921aa95f5&aPath=cm9vdA%3D%3D.YmRhY29udGVjaW1pZW50b3M%3D&vPath=cm9vdA%3D%3D.YmRhY29udGVjaW1pZW50b3M%3D&pos=0&pos2_name=&pos2_value=&searchClause=&searchClause2=&_nocache=1554383795615884554 HTTP/1.1" 200 3999
::1 - - [04/Apr/2019:15:16:36 +0200] "GET /phpmyadmin/db_structure.php?server=1&db=bdacontecimientos&token=a8deaa9c61a16c12092e1a8921aa95f5&ajax_request=true&ajax_page_request=true&menuHashes=fa87d693-90e38c0a-08dda052&_nocache=1554383796526112633 HTTP/1.1" 200 22284
::1 - - [04/Apr/2019:15:16:38 +0200] "GET /phpmyadmin/sql.php?server=1&db=bdacontecimientos&table=empresas&pos=0&token=a8deaa9c61a16c12092e1a8921aa95f5&ajax_request=true&ajax_page_request=true&menuHashes=fa87d693-90e38c0a-08dda052-7287ff30&_nocache=1554383798477639751 HTTP/1.1" 200 20843
::1 - - [04/Apr/2019:15:16:39 +0200] "GET /phpmyadmin/themes/pmahomme/img/s_fulltext.png HTTP/1.1" 200 193
::1 - - [04/Apr/2019:15:16:39 +0200] "GET /phpmyadmin/js/get_scripts.js.php?scripts[]=tbl_structure.js&scripts[]=gis_data_editor.js&scripts[]=makegrid.js&scripts[]=sql.js HTTP/1.1" 200 50287
::1 - - [04/Apr/2019:15:16:39 +0200] "GET /phpmyadmin/themes/pmahomme/img/col_pointer.png HTTP/1.1" 200 113
::1 - - [04/Apr/2019:15:16:39 +0200] "GET /phpmyadmin/themes/pmahomme/img/col_drop.png HTTP/1.1" 200 132
::1 - - [04/Apr/2019:15:16:39 +0200] "GET /phpmyadmin/index.php?ajax_request=1&recent_table=1&token=a8deaa9c61a16c12092e1a8921aa95f5 HTTP/1.1" 200 237
::1 - - [04/Apr/2019:15:16:41 +0200] "GET /phpmyadmin/sql.php?server=1&db=bdacontecimientos&table=empresas&pos=0&token=a8deaa9c61a16c12092e1a8921aa95f5&ajax_request=true&ajax_page_request=true&menuHashes=fa87d693-90e38c0a-08dda052-7287ff30-c96ae01e&_nocache=1554383801358691462 HTTP/1.1" 200 17637
::1 - - [04/Apr/2019:15:16:41 +0200] "GET /phpmyadmin/index.php?ajax_request=1&recent_table=1&token=a8deaa9c61a16c12092e1a8921aa95f5 HTTP/1.1" 200 237
::1 - - [04/Apr/2019:15:16:43 +0200] "GET /phpmyadmin/tbl_structure.php?db=bdacontecimientos&table=empresas&token=a8deaa9c61a16c12092e1a8921aa95f5&ajax_request=true&ajax_page_request=true&menuHashes=fa87d693-90e38c0a-08dda052-7287ff30-c96ae01e&_nocache=1554383803026840215 HTTP/1.1" 200 30888
::1 - - [04/Apr/2019:15:16:43 +0200] "GET /phpmyadmin/index.php?ajax_request=1&recent_table=1&token=a8deaa9c61a16c12092e1a8921aa95f5 HTTP/1.1" 200 237
::1 - - [04/Apr/2019:15:16:45 +0200] "GET /phpmyadmin/sql.php?server=1&db=bdacontecimientos&table=personas&pos=0&token=a8deaa9c61a16c12092e1a8921aa95f5&ajax_request=true&ajax_page_request=true&menuHashes=fa87d693-90e38c0a-08dda052-7287ff30-c96ae01e-5ff3ec01&_nocache=1554383805905328106 HTTP/1.1" 200 21162
::1 - - [04/Apr/2019:15:16:46 +0200] "GET /phpmyadmin/index.php?ajax_request=1&recent_table=1&token=a8deaa9c61a16c12092e1a8921aa95f5 HTTP/1.1" 200 381
::1 - - [04/Apr/2019:15:16:46 +0200] "GET /phpmyadmin/tbl_structure.php?db=bdacontecimientos&table=personas&token=a8deaa9c61a16c12092e1a8921aa95f5&ajax_request=true&ajax_page_request=true&menuHashes=fa87d693-90e38c0a-08dda052-7287ff30-c96ae01e-5ff3ec01-4dd12857&_nocache=1554383806792161904 HTTP/1.1" 200 37565
::1 - - [04/Apr/2019:15:16:47 +0200] "GET /phpmyadmin/index.php?ajax_request=1&recent_table=1&token=a8deaa9c61a16c12092e1a8921aa95f5 HTTP/1.1" 200 381
::1 - - [04/Apr/2019:15:16:50 +0200] "GET /phpmyadmin/sql.php?server=1&db=bdacontecimientos&table=acontecimientos&pos=0&token=a8deaa9c61a16c12092e1a8921aa95f5&ajax_request=true&ajax_page_request=true&menuHashes=90e38c0a-08dda052-7287ff30-c96ae01e-5ff3ec01-4dd12857-ebeb6929&_nocache=1554383810548505655 HTTP/1.1" 200 44452
::1 - - [04/Apr/2019:15:16:50 +0200] "GET /phpmyadmin/index.php?ajax_request=1&recent_table=1&token=a8deaa9c61a16c12092e1a8921aa95f5 HTTP/1.1" 200 539
::1 - - [04/Apr/2019:15:16:51 +0200] "GET /phpmyadmin/sql.php?server=1&db=bdacontecimientos&table=personasacontecimientos&pos=0&token=a8deaa9c61a16c12092e1a8921aa95f5&ajax_request=true&ajax_page_request=true&menuHashes=08dda052-7287ff30-c96ae01e-5ff3ec01-4dd12857-ebeb6929-3394e2fd&_nocache=1554383811754398038 HTTP/1.1" 200 11282
::1 - - [04/Apr/2019:15:16:51 +0200] "GET /phpmyadmin/index.php?ajax_request=1&recent_table=1&token=a8deaa9c61a16c12092e1a8921aa95f5 HTTP/1.1" 200 713
::1 - - [04/Apr/2019:15:16:53 +0200] "GET /phpmyadmin/tbl_structure.php?db=bdacontecimientos&table=personasacontecimientos&token=a8deaa9c61a16c12092e1a8921aa95f5&ajax_request=true&ajax_page_request=true&menuHashes=7287ff30-c96ae01e-5ff3ec01-4dd12857-ebeb6929-3394e2fd-541321fb&_nocache=1554383813202646988 HTTP/1.1" 200 30050
::1 - - [04/Apr/2019:15:16:53 +0200] "GET /phpmyadmin/index.php?ajax_request=1&recent_table=1&token=a8deaa9c61a16c12092e1a8921aa95f5 HTTP/1.1" 200 713
::1 - - [04/Apr/2019:15:16:56 +0200] "GET /phpmyadmin/sql.php?server=1&db=bdacontecimientos&table=acontecimientos&pos=0&token=a8deaa9c61a16c12092e1a8921aa95f5&ajax_request=true&ajax_page_request=true&menuHashes=c96ae01e-5ff3ec01-4dd12857-ebeb6929-3394e2fd-541321fb-e8f6b509&_nocache=1554383816758448129 HTTP/1.1" 200 41169
::1 - - [04/Apr/2019:15:16:57 +0200] "GET /phpmyadmin/index.php?ajax_request=1&recent_table=1&token=a8deaa9c61a16c12092e1a8921aa95f5 HTTP/1.1" 200 713
::1 - - [04/Apr/2019:15:16:57 +0200] "GET /phpmyadmin/tbl_structure.php?db=bdacontecimientos&table=acontecimientos&token=a8deaa9c61a16c12092e1a8921aa95f5&ajax_request=true&ajax_page_request=true&menuHashes=c96ae01e-5ff3ec01-4dd12857-ebeb6929-3394e2fd-541321fb-e8f6b509&_nocache=155438381777927650 HTTP/1.1" 200 42717
::1 - - [04/Apr/2019:15:16:58 +0200] "GET /phpmyadmin/index.php?ajax_request=1&recent_table=1&token=a8deaa9c61a16c12092e1a8921aa95f5 HTTP/1.1" 200 713
::1 - - [04/Apr/2019:15:17:05 +0200] "GET /phpmyadmin/db_structure.php?server=1&db=ejercicioabogados&token=a8deaa9c61a16c12092e1a8921aa95f5&ajax_request=true&ajax_page_request=true&menuHashes=13308269-5ff3ec01-4dd12857-ebeb6929-3394e2fd-541321fb-e8f6b509&_nocache=1554383825208136046 HTTP/1.1" 200 5828
::1 - - [04/Apr/2019:15:17:18 +0200] "POST /phpmyadmin/tbl_create.php HTTP/1.1" 200 285776
::1 - - [04/Apr/2019:15:17:18 +0200] "GET /phpmyadmin/index.php?ajax_request=1&recent_table=1&token=a8deaa9c61a16c12092e1a8921aa95f5 HTTP/1.1" 200 849
::1 - - [04/Apr/2019:15:19:20 +0200] "POST /phpmyadmin/tbl_create.php HTTP/1.1" 200 8129
::1 - - [04/Apr/2019:15:19:21 +0200] "GET /phpmyadmin/db_structure.php?token=a8deaa9c61a16c12092e1a8921aa95f5&server=1&db=ejercicioabogados&table=Caso&ajax_request=true&ajax_page_request=true&menuHashes=13308269-ebeb6929-3394e2fd-541321fb-e8f6b509-08dda052-909daed1&_nocache=1554383961197107939 HTTP/1.1" 200 10063
::1 - - [04/Apr/2019:15:19:21 +0200] "POST /phpmyadmin/navigation.php?ajax_request=1&token=a8deaa9c61a16c12092e1a8921aa95f5 HTTP/1.1" 200 7913
::1 - - [04/Apr/2019:15:19:21 +0200] "GET /phpmyadmin/index.php?ajax_request=1&recent_table=1&token=a8deaa9c61a16c12092e1a8921aa95f5 HTTP/1.1" 200 849
::1 - - [04/Apr/2019:15:19:23 +0200] "GET /phpmyadmin/tbl_structure.php?db=ejercicioabogados&token=a8deaa9c61a16c12092e1a8921aa95f5&goto=db_structure.php&table=caso&ajax_request=true&ajax_page_request=true&menuHashes=13308269-ebeb6929-3394e2fd-541321fb-e8f6b509-08dda052-909daed1&_nocache=1554383963317978042 HTTP/1.1" 200 33630
::1 - - [04/Apr/2019:15:19:23 +0200] "GET /phpmyadmin/index.php?ajax_request=1&recent_table=1&token=a8deaa9c61a16c12092e1a8921aa95f5 HTTP/1.1" 200 985
::1 - - [04/Apr/2019:15:19:30 +0200] "GET /phpmyadmin/navigation.php?ajax_request=1&token=a8deaa9c61a16c12092e1a8921aa95f5&aPath=cm9vdA%3D%3D.ZWplcmNpY2lvYWJvZ2Fkb3M%3D&vPath=cm9vdA%3D%3D.ZWplcmNpY2lvYWJvZ2Fkb3M%3D&pos=0&pos2_name=&pos2_value=&searchClause=&searchClause2=&_nocache=1554383970965944182 HTTP/1.1" 200 1385
::1 - - [04/Apr/2019:15:19:32 +0200] "GET /phpmyadmin/tbl_create.php?server=1&db=ejercicioabogados&token=a8deaa9c61a16c12092e1a8921aa95f5&ajax_request=true&ajax_page_request=true&menuHashes=13308269-3394e2fd-541321fb-e8f6b509-08dda052-909daed1-36a277a3&_nocache=1554383972704678612 HTTP/1.1" 200 204152
::1 - - [04/Apr/2019:15:20:49 +0200] "POST /phpmyadmin/tbl_create.php HTTP/1.1" 200 240597
::1 - - [04/Apr/2019:15:20:59 +0200] "POST /phpmyadmin/tbl_create.php HTTP/1.1" 200 8661
::1 - - [04/Apr/2019:15:21:00 +0200] "GET /phpmyadmin/db_structure.php?token=a8deaa9c61a16c12092e1a8921aa95f5&server=1&db=ejercicioabogados&table=&ajax_request=true&ajax_page_request=true&menuHashes=13308269-541321fb-e8f6b509-08dda052-909daed1-36a277a3-b57fdabf&_nocache=1554384060055562206 HTTP/1.1" 200 12792
::1 - - [04/Apr/2019:15:21:00 +0200] "POST /phpmyadmin/navigation.php?ajax_request=1&token=a8deaa9c61a16c12092e1a8921aa95f5 HTTP/1.1" 200 6120
::1 - - [04/Apr/2019:15:21:02 +0200] "GET /phpmyadmin/sql.php?db=ejercicioabogados&token=a8deaa9c61a16c12092e1a8921aa95f5&goto=db_structure.php&table=abogado&pos=0&ajax_request=true&ajax_page_request=true&menuHashes=13308269-541321fb-e8f6b509-08dda052-909daed1-36a277a3-b57fdabf&_nocache=1554384062663192971 HTTP/1.1" 200 10640
::1 - - [04/Apr/2019:15:21:02 +0200] "GET /phpmyadmin/index.php?ajax_request=1&recent_table=1&token=a8deaa9c61a16c12092e1a8921aa95f5 HTTP/1.1" 200 1269
::1 - - [04/Apr/2019:15:21:03 +0200] "GET /phpmyadmin/tbl_structure.php?db=ejercicioabogados&table=abogado&token=a8deaa9c61a16c12092e1a8921aa95f5&ajax_request=true&ajax_page_request=true&menuHashes=13308269-e8f6b509-08dda052-909daed1-36a277a3-b57fdabf-6cd2424b&_nocache=1554384063919719977 HTTP/1.1" 200 34654
::1 - - [04/Apr/2019:15:21:04 +0200] "GET /phpmyadmin/index.php?ajax_request=1&recent_table=1&token=a8deaa9c61a16c12092e1a8921aa95f5 HTTP/1.1" 200 1269
::1 - - [04/Apr/2019:15:21:09 +0200] "GET /phpmyadmin/db_structure.php?db=ejercicioabogados&token=a8deaa9c61a16c12092e1a8921aa95f5&ajax_request=true&ajax_page_request=true&menuHashes=13308269-16600476-08dda052-909daed1-36a277a3-b57fdabf-6cd2424b&_nocache=1554384069207655842 HTTP/1.1" 200 12790
::1 - - [04/Apr/2019:15:21:29 +0200] "POST /phpmyadmin/tbl_create.php HTTP/1.1" 200 245027
::1 - - [04/Apr/2019:15:21:29 +0200] "GET /phpmyadmin/index.php?ajax_request=1&recent_table=1&token=a8deaa9c61a16c12092e1a8921aa95f5 HTTP/1.1" 200 1411
::1 - - [04/Apr/2019:15:22:35 +0200] "POST /phpmyadmin/tbl_create.php HTTP/1.1" 200 9504
::1 - - [04/Apr/2019:15:22:36 +0200] "GET /phpmyadmin/db_structure.php?token=a8deaa9c61a16c12092e1a8921aa95f5&server=1&db=ejercicioabogados&table=Cliente&ajax_request=true&ajax_page_request=true&menuHashes=16600476-08dda052-909daed1-36a277a3-b57fdabf-6cd2424b-03e8bf32&_nocache=1554384156200868198 HTTP/1.1" 200 15865
::1 - - [04/Apr/2019:15:22:36 +0200] "POST /phpmyadmin/navigation.php?ajax_request=1&token=a8deaa9c61a16c12092e1a8921aa95f5 HTTP/1.1" 200 6941
::1 - - [04/Apr/2019:15:22:36 +0200] "GET /phpmyadmin/index.php?ajax_request=1&recent_table=1&token=a8deaa9c61a16c12092e1a8921aa95f5 HTTP/1.1" 200 1411
::1 - - [04/Apr/2019:15:22:48 +0200] "POST /phpmyadmin/tbl_create.php HTTP/1.1" 200 204311
::1 - - [04/Apr/2019:15:22:49 +0200] "GET /phpmyadmin/index.php?ajax_request=1&recent_table=1&token=a8deaa9c61a16c12092e1a8921aa95f5 HTTP/1.1" 200 1563
::1 - - [04/Apr/2019:15:23:31 +0200] "POST /phpmyadmin/tbl_create.php HTTP/1.1" 200 6738
::1 - - [04/Apr/2019:15:23:31 +0200] "GET /phpmyadmin/db_structure.php?token=a8deaa9c61a16c12092e1a8921aa95f5&server=1&db=ejercicioabogados&table=casosAbogado&ajax_request=true&ajax_page_request=true&menuHashes=16600476-909daed1-36a277a3-b57fdabf-6cd2424b-03e8bf32-9fbad921&_nocache=1554384211819455414 HTTP/1.1" 200 18850
::1 - - [04/Apr/2019:15:23:31 +0200] "POST /phpmyadmin/navigation.php?ajax_request=1&token=a8deaa9c61a16c12092e1a8921aa95f5 HTTP/1.1" 200 7785
::1 - - [04/Apr/2019:15:23:32 +0200] "GET /phpmyadmin/index.php?ajax_request=1&recent_table=1&token=a8deaa9c61a16c12092e1a8921aa95f5 HTTP/1.1" 200 1563
::1 - - [04/Apr/2019:15:23:34 +0200] "GET /phpmyadmin/sql.php?db=ejercicioabogados&token=a8deaa9c61a16c12092e1a8921aa95f5&goto=db_structure.php&table=casosabogado&pos=0&ajax_request=true&ajax_page_request=true&menuHashes=16600476-909daed1-36a277a3-b57fdabf-6cd2424b-03e8bf32-9fbad921&_nocache=1554384214593747635 HTTP/1.1" 200 10840
::1 - - [04/Apr/2019:15:23:34 +0200] "GET /phpmyadmin/index.php?ajax_request=1&recent_table=1&token=a8deaa9c61a16c12092e1a8921aa95f5 HTTP/1.1" 200 1571
::1 - - [04/Apr/2019:15:23:35 +0200] "GET /phpmyadmin/tbl_structure.php?db=ejercicioabogados&table=casosabogado&token=a8deaa9c61a16c12092e1a8921aa95f5&ajax_request=true&ajax_page_request=true&menuHashes=16600476-36a277a3-b57fdabf-6cd2424b-03e8bf32-9fbad921-0b8e36a4&_nocache=1554384215893509265 HTTP/1.1" 200 25719
::1 - - [04/Apr/2019:15:23:36 +0200] "GET /phpmyadmin/index.php?ajax_request=1&recent_table=1&token=a8deaa9c61a16c12092e1a8921aa95f5 HTTP/1.1" 200 1571
::1 - - [04/Apr/2019:15:23:40 +0200] "GET /phpmyadmin/tbl_relation.php?db=ejercicioabogados&table=casosabogado&token=a8deaa9c61a16c12092e1a8921aa95f5&goto=tbl_structure.php&back=tbl_structure.php&ajax_request=true&ajax_page_request=true&menuHashes=16600476-b57fdabf-6cd2424b-03e8bf32-9fbad921-0b8e36a4-5ec896fe&_nocache=1554384220189755965 HTTP/1.1" 200 11786
::1 - - [04/Apr/2019:15:23:40 +0200] "GET /phpmyadmin/js/get_scripts.js.php?scripts[]=tbl_relation.js HTTP/1.1" 200 453
::1 - - [04/Apr/2019:15:23:40 +0200] "GET /phpmyadmin/index.php?ajax_request=1&recent_table=1&token=a8deaa9c61a16c12092e1a8921aa95f5 HTTP/1.1" 200 1571
::1 - - [04/Apr/2019:15:23:51 +0200] "POST /phpmyadmin/tbl_relation.php HTTP/1.1" 200 16691
::1 - - [04/Apr/2019:15:23:54 +0200] "GET /phpmyadmin/index.php?ajax_request=1&recent_table=1&token=a8deaa9c61a16c12092e1a8921aa95f5 HTTP/1.1" 200 1571
::1 - - [04/Apr/2019:15:23:56 +0200] "POST /phpmyadmin/tbl_relation.php HTTP/1.1" 200 9986
::1 - - [04/Apr/2019:15:23:56 +0200] "GET /phpmyadmin/index.php?ajax_request=1&recent_table=1&token=a8deaa9c61a16c12092e1a8921aa95f5 HTTP/1.1" 200 1571
