2019-03-15 11:34:01 5652 [Note] Plugin 'FEDERATED' is disabled.
2019-03-15 11:34:01 5652 [Note] InnoDB: The InnoDB memory heap is disabled
2019-03-15 11:34:01 5652 [Note] InnoDB: Mutexes and rw_locks use Windows interlocked functions
2019-03-15 11:34:01 5652 [Note] InnoDB: Compressed tables use zlib 1.2.3
2019-03-15 11:34:01 5652 [Note] InnoDB: Not using CPU crc32 instructions
2019-03-15 11:34:01 5652 [Note] InnoDB: Initializing buffer pool, size = 128.0M
2019-03-15 11:34:01 5652 [Note] InnoDB: Completed initialization of buffer pool
2019-03-15 11:34:01 5652 [Note] InnoDB: Highest supported file format is Barracuda.
2019-03-15 11:34:01 5652 [Note] InnoDB: The log sequence numbers 1626134 and 1626134 in ibdata files do not match the log sequence number 1871181 in the ib_logfiles!
2019-03-15 11:34:01 5652 [Note] InnoDB: Database was not shutdown normally!
2019-03-15 11:34:01 5652 [Note] InnoDB: Starting crash recovery.
2019-03-15 11:34:01 5652 [Note] InnoDB: Reading tablespace information from the .ibd files...
2019-03-15 11:34:01 5652 [Note] InnoDB: Restoring possible half-written data pages 
2019-03-15 11:34:01 5652 [Note] InnoDB: from the doublewrite buffer...
2019-03-15 11:34:03 5652 [Note] InnoDB: 128 rollback segment(s) are active.
2019-03-15 11:34:03 5652 [Note] InnoDB: Waiting for purge to start
2019-03-15 11:34:03 5652 [Note] InnoDB: 5.6.13 started; log sequence number 1871181
2019-03-15 11:34:03 5652 [Note] Server hostname (bind-address): '*'; port: 3307
2019-03-15 11:34:03 5652 [Note] IPv6 is available.
2019-03-15 11:34:03 5652 [Note]   - '::' resolves to '::';
2019-03-15 11:34:03 5652 [Note] Server socket created on IP: '::'.
2019-04-08 12:32:59 6860 [Note] Plugin 'FEDERATED' is disabled.
2019-04-08 12:32:59 6860 [Note] InnoDB: The InnoDB memory heap is disabled
2019-04-08 12:32:59 6860 [Note] InnoDB: Mutexes and rw_locks use Windows interlocked functions
2019-04-08 12:32:59 6860 [Note] InnoDB: Compressed tables use zlib 1.2.3
2019-04-08 12:32:59 6860 [Note] InnoDB: Not using CPU crc32 instructions
2019-04-08 12:32:59 6860 [Note] InnoDB: Initializing buffer pool, size = 128.0M
2019-04-08 12:32:59 6860 [Note] InnoDB: Completed initialization of buffer pool
2019-04-08 12:32:59 6860 [Note] InnoDB: Highest supported file format is Barracuda.
2019-04-08 12:32:59 6860 [Note] InnoDB: The log sequence numbers 1626134 and 1626134 in ibdata files do not match the log sequence number 1973575 in the ib_logfiles!
2019-04-08 12:32:59 6860 [Note] InnoDB: Database was not shutdown normally!
2019-04-08 12:32:59 6860 [Note] InnoDB: Starting crash recovery.
2019-04-08 12:32:59 6860 [Note] InnoDB: Reading tablespace information from the .ibd files...
2019-04-08 12:32:59 6860 [Note] InnoDB: Restoring possible half-written data pages 
2019-04-08 12:32:59 6860 [Note] InnoDB: from the doublewrite buffer...
2019-04-08 12:33:01 6860 [Note] InnoDB: 128 rollback segment(s) are active.
2019-04-08 12:33:01 6860 [Note] InnoDB: Waiting for purge to start
2019-04-08 12:33:01 6860 [Note] InnoDB: 5.6.13 started; log sequence number 1973575
2019-04-08 12:33:01 6860 [Note] Server hostname (bind-address): '*'; port: 3307
2019-04-08 12:33:01 6860 [Note] IPv6 is available.
2019-04-08 12:33:01 6860 [Note]   - '::' resolves to '::';
2019-04-08 12:33:01 6860 [Note] Server socket created on IP: '::'.
