2019-02-28 23:28:34 5188 [Note] Plugin 'FEDERATED' is disabled.
2019-02-28 23:28:34 5188 [Note] InnoDB: The InnoDB memory heap is disabled
2019-02-28 23:28:34 5188 [Note] InnoDB: Mutexes and rw_locks use Windows interlocked functions
2019-02-28 23:28:34 5188 [Note] InnoDB: Compressed tables use zlib 1.2.3
2019-02-28 23:28:34 5188 [Note] InnoDB: Not using CPU crc32 instructions
2019-02-28 23:28:34 5188 [Note] InnoDB: Initializing buffer pool, size = 128.0M
2019-02-28 23:28:34 5188 [Note] InnoDB: Completed initialization of buffer pool
2019-02-28 23:28:34 5188 [Note] InnoDB: Setting log file C:\Users\Julen\Desktop\Progra\Programacion\USBWEBSERVER\mysql\data\ib_logfile101 size to 5 MB
2019-02-28 23:28:34 5188 [Note] InnoDB: Setting log file C:\Users\Julen\Desktop\Progra\Programacion\USBWEBSERVER\mysql\data\ib_logfile1 size to 5 MB
2019-02-28 23:28:35 5188 [Note] InnoDB: Renaming log file C:\Users\Julen\Desktop\Progra\Programacion\USBWEBSERVER\mysql\data\ib_logfile101 to C:\Users\Julen\Desktop\Progra\Programacion\USBWEBSERVER\mysql\data\ib_logfile0
2019-02-28 23:28:35 5188 [Warning] InnoDB: New log files created, LSN=1626134
2019-02-28 23:28:35 5188 [Note] InnoDB: Highest supported file format is Barracuda.
2019-02-28 23:28:35 5188 [Note] InnoDB: 128 rollback segment(s) are active.
2019-02-28 23:28:35 5188 [Note] InnoDB: Waiting for purge to start
2019-02-28 23:28:35 5188 [Note] InnoDB: 5.6.13 started; log sequence number 1626636
2019-02-28 23:28:35 5188 [Warning] No existing UUID has been found, so we assume that this is the first time that this server has been started. Generating a new UUID: 2fc21c6c-3ba8-11e9-a7de-7a791949c121.
2019-02-28 23:28:35 5188 [Note] Server hostname (bind-address): '*'; port: 3307
2019-02-28 23:28:35 5188 [Note] IPv6 is available.
2019-02-28 23:28:35 5188 [Note]   - '::' resolves to '::';
2019-02-28 23:28:35 5188 [Note] Server socket created on IP: '::'.
2019-03-04 20:31:06 236 [Note] Plugin 'FEDERATED' is disabled.
2019-03-04 20:31:06 236 [Note] InnoDB: The InnoDB memory heap is disabled
2019-03-04 20:31:06 236 [Note] InnoDB: Mutexes and rw_locks use Windows interlocked functions
2019-03-04 20:31:06 236 [Note] InnoDB: Compressed tables use zlib 1.2.3
2019-03-04 20:31:06 236 [Note] InnoDB: Not using CPU crc32 instructions
2019-03-04 20:31:06 236 [Note] InnoDB: Initializing buffer pool, size = 128.0M
2019-03-04 20:31:06 236 [Note] InnoDB: Completed initialization of buffer pool
2019-03-04 20:31:06 236 [Note] InnoDB: Highest supported file format is Barracuda.
2019-03-04 20:31:06 236 [Note] InnoDB: The log sequence numbers 1626134 and 1626134 in ibdata files do not match the log sequence number 1641773 in the ib_logfiles!
2019-03-04 20:31:06 236 [Note] InnoDB: Database was not shutdown normally!
2019-03-04 20:31:06 236 [Note] InnoDB: Starting crash recovery.
2019-03-04 20:31:06 236 [Note] InnoDB: Reading tablespace information from the .ibd files...
2019-03-04 20:31:06 236 [Note] InnoDB: Restoring possible half-written data pages 
2019-03-04 20:31:06 236 [Note] InnoDB: from the doublewrite buffer...
2019-03-04 20:31:07 236 [Note] InnoDB: 128 rollback segment(s) are active.
2019-03-04 20:31:07 236 [Note] InnoDB: Waiting for purge to start
2019-03-04 20:31:07 236 [Note] InnoDB: 5.6.13 started; log sequence number 1641773
2019-03-04 20:31:07 236 [Note] Server hostname (bind-address): '*'; port: 3307
2019-03-04 20:31:07 236 [Note] IPv6 is available.
2019-03-04 20:31:07 236 [Note]   - '::' resolves to '::';
2019-03-04 20:31:07 236 [Note] Server socket created on IP: '::'.
2019-03-07 17:57:45 12992 [Note] Plugin 'FEDERATED' is disabled.
2019-03-07 17:57:45 12992 [Note] InnoDB: The InnoDB memory heap is disabled
2019-03-07 17:57:45 12992 [Note] InnoDB: Mutexes and rw_locks use Windows interlocked functions
2019-03-07 17:57:45 12992 [Note] InnoDB: Compressed tables use zlib 1.2.3
2019-03-07 17:57:45 12992 [Note] InnoDB: Not using CPU crc32 instructions
2019-03-07 17:57:45 12992 [Note] InnoDB: Initializing buffer pool, size = 128.0M
2019-03-07 17:57:45 12992 [Note] InnoDB: Completed initialization of buffer pool
2019-03-07 17:57:45 12992 [Note] InnoDB: Highest supported file format is Barracuda.
2019-03-07 17:57:46 12992 [Note] InnoDB: The log sequence numbers 1626134 and 1626134 in ibdata files do not match the log sequence number 1659783 in the ib_logfiles!
2019-03-07 17:57:46 12992 [Note] InnoDB: Database was not shutdown normally!
2019-03-07 17:57:46 12992 [Note] InnoDB: Starting crash recovery.
2019-03-07 17:57:46 12992 [Note] InnoDB: Reading tablespace information from the .ibd files...
2019-03-07 17:57:46 12992 [Note] InnoDB: Restoring possible half-written data pages 
2019-03-07 17:57:46 12992 [Note] InnoDB: from the doublewrite buffer...
2019-03-07 17:57:46 12992 [Note] InnoDB: 128 rollback segment(s) are active.
2019-03-07 17:57:46 12992 [Note] InnoDB: Waiting for purge to start
2019-03-07 17:57:46 12992 [Note] InnoDB: Waiting for purge to start
2019-03-07 17:57:46 12992 [Note] InnoDB: Waiting for purge to start
2019-03-07 17:57:46 12992 [Note] InnoDB: 5.6.13 started; log sequence number 1659783
2019-03-07 17:57:46 12992 [Note] Server hostname (bind-address): '*'; port: 3307
2019-03-07 17:57:46 12992 [Note] IPv6 is available.
2019-03-07 17:57:46 12992 [Note]   - '::' resolves to '::';
2019-03-07 17:57:46 12992 [Note] Server socket created on IP: '::'.
2019-03-11 22:51:44 10748 [Note] Plugin 'FEDERATED' is disabled.
2019-03-11 22:51:44 10748 [Note] InnoDB: The InnoDB memory heap is disabled
2019-03-11 22:51:44 10748 [Note] InnoDB: Mutexes and rw_locks use Windows interlocked functions
2019-03-11 22:51:44 10748 [Note] InnoDB: Compressed tables use zlib 1.2.3
2019-03-11 22:51:44 10748 [Note] InnoDB: Not using CPU crc32 instructions
2019-03-11 22:51:44 10748 [Note] InnoDB: Initializing buffer pool, size = 128.0M
2019-03-11 22:51:44 10748 [Note] InnoDB: Completed initialization of buffer pool
2019-03-11 22:51:44 10748 [Note] InnoDB: Highest supported file format is Barracuda.
2019-03-11 22:51:44 10748 [Note] InnoDB: The log sequence numbers 1626134 and 1626134 in ibdata files do not match the log sequence number 1659793 in the ib_logfiles!
2019-03-11 22:51:44 10748 [Note] InnoDB: Database was not shutdown normally!
2019-03-11 22:51:44 10748 [Note] InnoDB: Starting crash recovery.
2019-03-11 22:51:44 10748 [Note] InnoDB: Reading tablespace information from the .ibd files...
2019-03-11 22:51:44 10748 [Note] InnoDB: Restoring possible half-written data pages 
2019-03-11 22:51:44 10748 [Note] InnoDB: from the doublewrite buffer...
2019-03-11 22:51:44 10748 [Note] InnoDB: 128 rollback segment(s) are active.
2019-03-11 22:51:44 10748 [Note] InnoDB: Waiting for purge to start
2019-03-11 22:51:44 10748 [Note] InnoDB: 5.6.13 started; log sequence number 1659793
2019-03-11 22:51:44 10748 [Note] Server hostname (bind-address): '*'; port: 3307
2019-03-11 22:51:44 10748 [Note] IPv6 is available.
2019-03-11 22:51:44 10748 [Note]   - '::' resolves to '::';
2019-03-11 22:51:44 10748 [Note] Server socket created on IP: '::'.
2019-03-11 22:51:46 10748 [Note] Event Scheduler: Loaded 0 events
2019-03-11 22:51:46 10748 [Note] C:\Users\Julen\Desktop\Progra\Programacion\USBWEBSERVER/mysql/bin/mysqld_usbwv8.exe: ready for connections.
Version: '5.6.13'  socket: ''  port: 3307  MySQL Community Server (GPL)
2019-03-14 17:47:28 5840 [Note] Plugin 'FEDERATED' is disabled.
2019-03-14 17:47:28 5840 [Note] InnoDB: The InnoDB memory heap is disabled
2019-03-14 17:47:28 5840 [Note] InnoDB: Mutexes and rw_locks use Windows interlocked functions
2019-03-14 17:47:28 5840 [Note] InnoDB: Compressed tables use zlib 1.2.3
2019-03-14 17:47:28 5840 [Note] InnoDB: Not using CPU crc32 instructions
2019-03-14 17:47:28 5840 [Note] InnoDB: Initializing buffer pool, size = 128.0M
2019-03-14 17:47:28 5840 [Note] InnoDB: Completed initialization of buffer pool
2019-03-14 17:47:28 5840 [Note] InnoDB: Highest supported file format is Barracuda.
2019-03-14 17:47:28 5840 [Note] InnoDB: The log sequence numbers 1626134 and 1626134 in ibdata files do not match the log sequence number 1659823 in the ib_logfiles!
2019-03-14 17:47:28 5840 [Note] InnoDB: Database was not shutdown normally!
2019-03-14 17:47:28 5840 [Note] InnoDB: Starting crash recovery.
2019-03-14 17:47:28 5840 [Note] InnoDB: Reading tablespace information from the .ibd files...
2019-03-14 17:47:28 5840 [Note] InnoDB: Restoring possible half-written data pages 
2019-03-14 17:47:28 5840 [Note] InnoDB: from the doublewrite buffer...
2019-03-14 17:47:29 5840 [Note] InnoDB: 128 rollback segment(s) are active.
2019-03-14 17:47:29 5840 [Note] InnoDB: Waiting for purge to start
2019-03-14 17:47:29 5840 [Note] InnoDB: 5.6.13 started; log sequence number 1659823
2019-03-14 17:47:29 5840 [Note] Server hostname (bind-address): '*'; port: 3307
2019-03-14 17:47:29 5840 [Note] IPv6 is available.
2019-03-14 17:47:29 5840 [Note]   - '::' resolves to '::';
2019-03-14 17:47:29 5840 [Note] Server socket created on IP: '::'.
2019-03-14 17:47:44 9372 [Note] Plugin 'FEDERATED' is disabled.
2019-03-14 17:47:44 9372 [Note] InnoDB: The InnoDB memory heap is disabled
2019-03-14 17:47:44 9372 [Note] InnoDB: Mutexes and rw_locks use Windows interlocked functions
2019-03-14 17:47:44 9372 [Note] InnoDB: Compressed tables use zlib 1.2.3
2019-03-14 17:47:44 9372 [Note] InnoDB: Not using CPU crc32 instructions
2019-03-14 17:47:44 9372 [Note] InnoDB: Initializing buffer pool, size = 128.0M
2019-03-14 17:47:44 9372 [Note] InnoDB: Completed initialization of buffer pool
2019-03-14 17:47:44 9372 [Note] InnoDB: Highest supported file format is Barracuda.
2019-03-14 17:47:44 9372 [Note] InnoDB: The log sequence numbers 1626134 and 1626134 in ibdata files do not match the log sequence number 1659823 in the ib_logfiles!
2019-03-14 17:47:44 9372 [Note] InnoDB: Database was not shutdown normally!
2019-03-14 17:47:44 9372 [Note] InnoDB: Starting crash recovery.
2019-03-14 17:47:44 9372 [Note] InnoDB: Reading tablespace information from the .ibd files...
2019-03-14 17:47:45 9372 [Note] InnoDB: Restoring possible half-written data pages 
2019-03-14 17:47:45 9372 [Note] InnoDB: from the doublewrite buffer...
2019-03-14 17:47:45 9372 [Note] InnoDB: 128 rollback segment(s) are active.
2019-03-14 17:47:45 9372 [Note] InnoDB: Waiting for purge to start
2019-03-14 17:47:45 9372 [Note] InnoDB: 5.6.13 started; log sequence number 1659823
2019-03-14 17:47:45 9372 [Note] Server hostname (bind-address): '*'; port: 3307
2019-03-14 17:47:45 9372 [Note] IPv6 is available.
2019-03-14 17:47:45 9372 [Note]   - '::' resolves to '::';
2019-03-14 17:47:45 9372 [Note] Server socket created on IP: '::'.
2019-03-14 17:48:04 8316 [Note] Plugin 'FEDERATED' is disabled.
2019-03-14 17:48:04 8316 [Note] InnoDB: The InnoDB memory heap is disabled
2019-03-14 17:48:04 8316 [Note] InnoDB: Mutexes and rw_locks use Windows interlocked functions
2019-03-14 17:48:04 8316 [Note] InnoDB: Compressed tables use zlib 1.2.3
2019-03-14 17:48:04 8316 [Note] InnoDB: Not using CPU crc32 instructions
2019-03-14 17:48:04 8316 [Note] InnoDB: Initializing buffer pool, size = 128.0M
2019-03-14 17:48:04 8316 [Note] InnoDB: Completed initialization of buffer pool
2019-03-14 17:48:04 8316 [Note] InnoDB: Highest supported file format is Barracuda.
2019-03-14 17:48:04 8316 [Note] InnoDB: The log sequence numbers 1626134 and 1626134 in ibdata files do not match the log sequence number 1659823 in the ib_logfiles!
2019-03-14 17:48:04 8316 [Note] InnoDB: Database was not shutdown normally!
2019-03-14 17:48:04 8316 [Note] InnoDB: Starting crash recovery.
2019-03-14 17:48:04 8316 [Note] InnoDB: Reading tablespace information from the .ibd files...
2019-03-14 17:48:04 8316 [Note] InnoDB: Restoring possible half-written data pages 
2019-03-14 17:48:04 8316 [Note] InnoDB: from the doublewrite buffer...
2019-03-14 17:48:05 8316 [Note] InnoDB: 128 rollback segment(s) are active.
2019-03-14 17:48:05 8316 [Note] InnoDB: Waiting for purge to start
2019-03-14 17:48:05 8316 [Note] InnoDB: 5.6.13 started; log sequence number 1659823
2019-03-14 17:48:05 8316 [Note] Server hostname (bind-address): '*'; port: 3307
2019-03-14 17:48:05 8316 [Note] IPv6 is available.
2019-03-14 17:48:05 8316 [Note]   - '::' resolves to '::';
2019-03-14 17:48:05 8316 [Note] Server socket created on IP: '::'.
2019-03-14 17:49:23 10260 [Note] Plugin 'FEDERATED' is disabled.
2019-03-14 17:49:23 10260 [Note] InnoDB: The InnoDB memory heap is disabled
2019-03-14 17:49:23 10260 [Note] InnoDB: Mutexes and rw_locks use Windows interlocked functions
2019-03-14 17:49:23 10260 [Note] InnoDB: Compressed tables use zlib 1.2.3
2019-03-14 17:49:23 10260 [Note] InnoDB: Not using CPU crc32 instructions
2019-03-14 17:49:23 10260 [Note] InnoDB: Initializing buffer pool, size = 128.0M
2019-03-14 17:49:23 10260 [Note] InnoDB: Completed initialization of buffer pool
2019-03-14 17:49:23 10260 [Note] InnoDB: Highest supported file format is Barracuda.
2019-03-14 17:49:23 10260 [Note] InnoDB: The log sequence numbers 1626134 and 1626134 in ibdata files do not match the log sequence number 1659823 in the ib_logfiles!
2019-03-14 17:49:23 10260 [Note] InnoDB: Database was not shutdown normally!
2019-03-14 17:49:23 10260 [Note] InnoDB: Starting crash recovery.
2019-03-14 17:49:23 10260 [Note] InnoDB: Reading tablespace information from the .ibd files...
2019-03-14 17:49:23 10260 [Note] InnoDB: Restoring possible half-written data pages 
2019-03-14 17:49:23 10260 [Note] InnoDB: from the doublewrite buffer...
2019-03-14 17:49:24 10260 [Note] InnoDB: 128 rollback segment(s) are active.
2019-03-14 17:49:24 10260 [Note] InnoDB: Waiting for purge to start
2019-03-14 17:49:24 10260 [Note] InnoDB: 5.6.13 started; log sequence number 1659823
2019-03-14 17:49:24 10260 [Note] Server hostname (bind-address): '*'; port: 3307
2019-03-14 17:49:24 10260 [Note] IPv6 is available.
2019-03-14 17:49:24 10260 [Note]   - '::' resolves to '::';
2019-03-14 17:49:24 10260 [Note] Server socket created on IP: '::'.
2019-03-14 17:49:37 10480 [Note] Plugin 'FEDERATED' is disabled.
2019-03-14 17:49:37 10480 [Note] InnoDB: The InnoDB memory heap is disabled
2019-03-14 17:49:37 10480 [Note] InnoDB: Mutexes and rw_locks use Windows interlocked functions
2019-03-14 17:49:37 10480 [Note] InnoDB: Compressed tables use zlib 1.2.3
2019-03-14 17:49:37 10480 [Note] InnoDB: Not using CPU crc32 instructions
2019-03-14 17:49:37 10480 [Note] InnoDB: Initializing buffer pool, size = 128.0M
2019-03-14 17:49:37 10480 [Note] InnoDB: Completed initialization of buffer pool
2019-03-14 17:49:37 10480 [Note] InnoDB: Highest supported file format is Barracuda.
2019-03-14 17:49:37 10480 [Note] InnoDB: The log sequence numbers 1626134 and 1626134 in ibdata files do not match the log sequence number 1659823 in the ib_logfiles!
2019-03-14 17:49:37 10480 [Note] InnoDB: Database was not shutdown normally!
2019-03-14 17:49:37 10480 [Note] InnoDB: Starting crash recovery.
2019-03-14 17:49:37 10480 [Note] InnoDB: Reading tablespace information from the .ibd files...
2019-03-14 17:49:37 10480 [Note] InnoDB: Restoring possible half-written data pages 
2019-03-14 17:49:37 10480 [Note] InnoDB: from the doublewrite buffer...
2019-03-14 17:49:37 10480 [Note] InnoDB: 128 rollback segment(s) are active.
2019-03-14 17:49:37 10480 [Note] InnoDB: Waiting for purge to start
2019-03-14 17:49:37 10480 [Note] InnoDB: 5.6.13 started; log sequence number 1659823
2019-03-14 17:49:37 10480 [Note] Server hostname (bind-address): '*'; port: 3307
2019-03-14 17:49:37 10480 [Note] IPv6 is available.
2019-03-14 17:49:37 10480 [Note]   - '::' resolves to '::';
2019-03-14 17:49:37 10480 [Note] Server socket created on IP: '::'.
2019-03-14 17:49:39 10876 [Note] Plugin 'FEDERATED' is disabled.
2019-03-14 17:49:39 10876 [Note] InnoDB: The InnoDB memory heap is disabled
2019-03-14 17:49:39 10876 [Note] InnoDB: Mutexes and rw_locks use Windows interlocked functions
2019-03-14 17:49:39 10876 [Note] InnoDB: Compressed tables use zlib 1.2.3
2019-03-14 17:49:39 10876 [Note] InnoDB: Not using CPU crc32 instructions
2019-03-14 17:49:39 10876 [Note] InnoDB: Initializing buffer pool, size = 128.0M
2019-03-14 17:49:39 10876 [Note] InnoDB: Completed initialization of buffer pool
2019-03-14 17:49:39 10876 [Note] InnoDB: Highest supported file format is Barracuda.
2019-03-14 17:49:39 10876 [Note] InnoDB: The log sequence numbers 1626134 and 1626134 in ibdata files do not match the log sequence number 1659823 in the ib_logfiles!
2019-03-14 17:49:39 10876 [Note] InnoDB: Database was not shutdown normally!
2019-03-14 17:49:39 10876 [Note] InnoDB: Starting crash recovery.
2019-03-14 17:49:39 10876 [Note] InnoDB: Reading tablespace information from the .ibd files...
2019-03-14 17:49:40 10876 [Note] InnoDB: Restoring possible half-written data pages 
2019-03-14 17:49:40 10876 [Note] InnoDB: from the doublewrite buffer...
2019-03-14 17:49:40 10876 [Note] InnoDB: 128 rollback segment(s) are active.
2019-03-14 17:49:40 10876 [Note] InnoDB: Waiting for purge to start
2019-03-14 17:49:40 10876 [Note] InnoDB: 5.6.13 started; log sequence number 1659823
2019-03-14 17:49:40 10876 [Note] Server hostname (bind-address): '*'; port: 3307
2019-03-14 17:49:40 10876 [Note] IPv6 is available.
2019-03-14 17:49:40 10876 [Note]   - '::' resolves to '::';
2019-03-14 17:49:40 10876 [Note] Server socket created on IP: '::'.
2019-03-14 17:50:16 4316 [Note] Plugin 'FEDERATED' is disabled.
2019-03-14 17:50:16 4316 [Note] InnoDB: The InnoDB memory heap is disabled
2019-03-14 17:50:16 4316 [Note] InnoDB: Mutexes and rw_locks use Windows interlocked functions
2019-03-14 17:50:16 4316 [Note] InnoDB: Compressed tables use zlib 1.2.3
2019-03-14 17:50:16 4316 [Note] InnoDB: Not using CPU crc32 instructions
2019-03-14 17:50:16 4316 [Note] InnoDB: Initializing buffer pool, size = 128.0M
2019-03-14 17:50:16 4316 [Note] InnoDB: Completed initialization of buffer pool
2019-03-14 17:50:16 4316 [Note] InnoDB: Highest supported file format is Barracuda.
2019-03-14 17:50:16 4316 [Note] InnoDB: The log sequence numbers 1626134 and 1626134 in ibdata files do not match the log sequence number 1659823 in the ib_logfiles!
2019-03-14 17:50:16 4316 [Note] InnoDB: Database was not shutdown normally!
2019-03-14 17:50:16 4316 [Note] InnoDB: Starting crash recovery.
2019-03-14 17:50:16 4316 [Note] InnoDB: Reading tablespace information from the .ibd files...
2019-03-14 17:50:16 4316 [Note] InnoDB: Restoring possible half-written data pages 
2019-03-14 17:50:16 4316 [Note] InnoDB: from the doublewrite buffer...
2019-03-14 17:50:16 4316 [Note] InnoDB: 128 rollback segment(s) are active.
2019-03-14 17:50:16 4316 [Note] InnoDB: Waiting for purge to start
2019-03-14 17:50:16 4316 [Note] InnoDB: 5.6.13 started; log sequence number 1659823
2019-03-14 17:50:16 4316 [Note] Server hostname (bind-address): '*'; port: 3307
2019-03-14 17:50:16 4316 [Note] IPv6 is available.
2019-03-14 17:50:16 4316 [Note]   - '::' resolves to '::';
2019-03-14 17:50:16 4316 [Note] Server socket created on IP: '::'.
2019-03-14 17:50:21 5128 [Note] Plugin 'FEDERATED' is disabled.
2019-03-14 17:50:21 5128 [Note] InnoDB: The InnoDB memory heap is disabled
2019-03-14 17:50:21 5128 [Note] InnoDB: Mutexes and rw_locks use Windows interlocked functions
2019-03-14 17:50:21 5128 [Note] InnoDB: Compressed tables use zlib 1.2.3
2019-03-14 17:50:21 5128 [Note] InnoDB: Not using CPU crc32 instructions
2019-03-14 17:50:21 5128 [Note] InnoDB: Initializing buffer pool, size = 128.0M
2019-03-14 17:50:21 5128 [Note] InnoDB: Completed initialization of buffer pool
2019-03-14 17:50:21 5128 [Note] InnoDB: Highest supported file format is Barracuda.
2019-03-14 17:50:21 5128 [Note] InnoDB: The log sequence numbers 1626134 and 1626134 in ibdata files do not match the log sequence number 1659823 in the ib_logfiles!
2019-03-14 17:50:21 5128 [Note] InnoDB: Database was not shutdown normally!
2019-03-14 17:50:21 5128 [Note] InnoDB: Starting crash recovery.
2019-03-14 17:50:21 5128 [Note] InnoDB: Reading tablespace information from the .ibd files...
2019-03-14 17:50:22 5128 [Note] InnoDB: Restoring possible half-written data pages 
2019-03-14 17:50:22 5128 [Note] InnoDB: from the doublewrite buffer...
2019-03-14 17:50:22 5128 [Note] InnoDB: 128 rollback segment(s) are active.
2019-03-14 17:50:22 5128 [Note] InnoDB: Waiting for purge to start
2019-03-14 17:50:22 5128 [Note] InnoDB: 5.6.13 started; log sequence number 1659823
2019-03-14 17:50:22 5128 [Note] Server hostname (bind-address): '*'; port: 3307
2019-03-14 17:50:22 5128 [Note] IPv6 is available.
2019-03-14 17:50:22 5128 [Note]   - '::' resolves to '::';
2019-03-14 17:50:22 5128 [Note] Server socket created on IP: '::'.
2019-03-14 17:50:24 820 [Note] Plugin 'FEDERATED' is disabled.
2019-03-14 17:50:24 820 [Note] InnoDB: The InnoDB memory heap is disabled
2019-03-14 17:50:24 820 [Note] InnoDB: Mutexes and rw_locks use Windows interlocked functions
2019-03-14 17:50:24 820 [Note] InnoDB: Compressed tables use zlib 1.2.3
2019-03-14 17:50:24 820 [Note] InnoDB: Not using CPU crc32 instructions
2019-03-14 17:50:24 820 [Note] InnoDB: Initializing buffer pool, size = 128.0M
2019-03-14 17:50:24 820 [Note] InnoDB: Completed initialization of buffer pool
2019-03-14 17:50:24 820 [Note] InnoDB: Highest supported file format is Barracuda.
2019-03-14 17:50:24 820 [Note] InnoDB: The log sequence numbers 1626134 and 1626134 in ibdata files do not match the log sequence number 1659823 in the ib_logfiles!
2019-03-14 17:50:24 820 [Note] InnoDB: Database was not shutdown normally!
2019-03-14 17:50:24 820 [Note] InnoDB: Starting crash recovery.
2019-03-14 17:50:24 820 [Note] InnoDB: Reading tablespace information from the .ibd files...
2019-03-14 17:50:24 820 [Note] InnoDB: Restoring possible half-written data pages 
2019-03-14 17:50:24 820 [Note] InnoDB: from the doublewrite buffer...
2019-03-14 17:50:24 820 [Note] InnoDB: 128 rollback segment(s) are active.
2019-03-14 17:50:24 820 [Note] InnoDB: Waiting for purge to start
2019-03-14 17:50:24 820 [Note] InnoDB: 5.6.13 started; log sequence number 1659823
2019-03-14 17:50:24 820 [Note] Server hostname (bind-address): '*'; port: 3307
2019-03-14 17:50:25 820 [Note] IPv6 is available.
2019-03-14 17:50:25 820 [Note]   - '::' resolves to '::';
2019-03-14 17:50:25 820 [Note] Server socket created on IP: '::'.
2019-03-14 17:51:30 9772 [Note] Plugin 'FEDERATED' is disabled.
2019-03-14 17:51:30 9772 [Note] InnoDB: The InnoDB memory heap is disabled
2019-03-14 17:51:30 9772 [Note] InnoDB: Mutexes and rw_locks use Windows interlocked functions
2019-03-14 17:51:30 9772 [Note] InnoDB: Compressed tables use zlib 1.2.3
2019-03-14 17:51:30 9772 [Note] InnoDB: Not using CPU crc32 instructions
2019-03-14 17:51:30 9772 [Note] InnoDB: Initializing buffer pool, size = 128.0M
2019-03-14 17:51:30 9772 [Note] InnoDB: Completed initialization of buffer pool
2019-03-14 17:51:30 9772 [Note] InnoDB: Highest supported file format is Barracuda.
2019-03-14 17:51:30 9772 [Note] InnoDB: The log sequence numbers 1626134 and 1626134 in ibdata files do not match the log sequence number 1659823 in the ib_logfiles!
2019-03-14 17:51:30 9772 [Note] InnoDB: Database was not shutdown normally!
2019-03-14 17:51:30 9772 [Note] InnoDB: Starting crash recovery.
2019-03-14 17:51:30 9772 [Note] InnoDB: Reading tablespace information from the .ibd files...
2019-03-14 17:51:30 9772 [Note] InnoDB: Restoring possible half-written data pages 
2019-03-14 17:51:30 9772 [Note] InnoDB: from the doublewrite buffer...
2019-03-14 17:51:31 9772 [Note] InnoDB: 128 rollback segment(s) are active.
2019-03-14 17:51:31 9772 [Note] InnoDB: Waiting for purge to start
2019-03-14 17:51:31 9772 [Note] InnoDB: 5.6.13 started; log sequence number 1659823
2019-03-14 17:51:31 9772 [Note] Server hostname (bind-address): '*'; port: 3307
2019-03-14 17:51:31 9772 [Note] IPv6 is available.
2019-03-14 17:51:31 9772 [Note]   - '::' resolves to '::';
2019-03-14 17:51:31 9772 [Note] Server socket created on IP: '::'.
2019-03-14 17:52:25 1152 [Note] Plugin 'FEDERATED' is disabled.
2019-03-14 17:52:25 1152 [Note] InnoDB: The InnoDB memory heap is disabled
2019-03-14 17:52:25 1152 [Note] InnoDB: Mutexes and rw_locks use Windows interlocked functions
2019-03-14 17:52:25 1152 [Note] InnoDB: Compressed tables use zlib 1.2.3
2019-03-14 17:52:25 1152 [Note] InnoDB: Not using CPU crc32 instructions
2019-03-14 17:52:25 1152 [Note] InnoDB: Initializing buffer pool, size = 128.0M
2019-03-14 17:52:25 1152 [Note] InnoDB: Completed initialization of buffer pool
2019-03-14 17:52:25 1152 [Note] InnoDB: Highest supported file format is Barracuda.
2019-03-14 17:52:25 1152 [Note] InnoDB: The log sequence numbers 1626134 and 1626134 in ibdata files do not match the log sequence number 1659823 in the ib_logfiles!
2019-03-14 17:52:25 1152 [Note] InnoDB: Database was not shutdown normally!
2019-03-14 17:52:25 1152 [Note] InnoDB: Starting crash recovery.
2019-03-14 17:52:25 1152 [Note] InnoDB: Reading tablespace information from the .ibd files...
2019-03-14 17:52:25 1152 [Note] InnoDB: Restoring possible half-written data pages 
2019-03-14 17:52:25 1152 [Note] InnoDB: from the doublewrite buffer...
2019-03-14 17:52:25 1152 [Note] InnoDB: 128 rollback segment(s) are active.
2019-03-14 17:52:25 1152 [Note] InnoDB: Waiting for purge to start
2019-03-14 17:52:25 1152 [Note] InnoDB: 5.6.13 started; log sequence number 1659823
2019-03-14 17:52:25 1152 [Note] Server hostname (bind-address): '*'; port: 3307
2019-03-14 17:52:25 1152 [Note] IPv6 is available.
2019-03-14 17:52:25 1152 [Note]   - '::' resolves to '::';
2019-03-14 17:52:25 1152 [Note] Server socket created on IP: '::'.
2019-03-14 17:52:25 1152 [ERROR] Fatal error: Can't open and lock privilege tables: Can't find file: 'user' (errno: 2 - No such file or directory)
2019-03-14 17:56:25 9372 [Note] Plugin 'FEDERATED' is disabled.
2019-03-14 17:56:25 9372 [Note] InnoDB: The InnoDB memory heap is disabled
2019-03-14 17:56:25 9372 [Note] InnoDB: Mutexes and rw_locks use Windows interlocked functions
2019-03-14 17:56:25 9372 [Note] InnoDB: Compressed tables use zlib 1.2.3
2019-03-14 17:56:25 9372 [Note] InnoDB: Not using CPU crc32 instructions
2019-03-14 17:56:25 9372 [Note] InnoDB: Initializing buffer pool, size = 128.0M
2019-03-14 17:56:25 9372 [Note] InnoDB: Completed initialization of buffer pool
2019-03-14 17:56:26 9372 [Note] InnoDB: Highest supported file format is Barracuda.
2019-03-14 17:56:26 9372 [Note] InnoDB: The log sequence numbers 1626134 and 1626134 in ibdata files do not match the log sequence number 1659823 in the ib_logfiles!
2019-03-14 17:56:26 9372 [Note] InnoDB: Database was not shutdown normally!
2019-03-14 17:56:26 9372 [Note] InnoDB: Starting crash recovery.
2019-03-14 17:56:26 9372 [Note] InnoDB: Reading tablespace information from the .ibd files...
2019-03-14 17:56:27 9372 [Note] InnoDB: Restoring possible half-written data pages 
2019-03-14 17:56:27 9372 [Note] InnoDB: from the doublewrite buffer...
2019-03-14 17:56:34 9372 [Note] InnoDB: 128 rollback segment(s) are active.
2019-03-14 17:56:34 9372 [Note] InnoDB: Waiting for purge to start
2019-03-14 17:56:34 9372 [Note] InnoDB: 5.6.13 started; log sequence number 1659823
2019-03-14 17:56:34 9372 [Note] Server hostname (bind-address): '*'; port: 3307
2019-03-14 17:56:34 9372 [Note] IPv6 is available.
2019-03-14 17:56:34 9372 [Note]   - '::' resolves to '::';
2019-03-14 17:56:34 9372 [Note] Server socket created on IP: '::'.
2019-03-14 17:56:42 6816 [Note] Plugin 'FEDERATED' is disabled.
2019-03-14 17:56:42 6816 [Note] InnoDB: The InnoDB memory heap is disabled
2019-03-14 17:56:42 6816 [Note] InnoDB: Mutexes and rw_locks use Windows interlocked functions
2019-03-14 17:56:42 6816 [Note] InnoDB: Compressed tables use zlib 1.2.3
2019-03-14 17:56:42 6816 [Note] InnoDB: Not using CPU crc32 instructions
2019-03-14 17:56:42 6816 [Note] InnoDB: Initializing buffer pool, size = 128.0M
2019-03-14 17:56:42 6816 [Note] InnoDB: Completed initialization of buffer pool
2019-03-14 17:56:43 6816 [Note] InnoDB: Highest supported file format is Barracuda.
2019-03-14 17:56:44 6816 [Note] InnoDB: The log sequence numbers 1626134 and 1626134 in ibdata files do not match the log sequence number 1659823 in the ib_logfiles!
2019-03-14 17:56:44 6816 [Note] InnoDB: Database was not shutdown normally!
2019-03-14 17:56:44 6816 [Note] InnoDB: Starting crash recovery.
2019-03-14 17:56:44 6816 [Note] InnoDB: Reading tablespace information from the .ibd files...
2019-03-14 17:56:44 6816 [Note] InnoDB: Restoring possible half-written data pages 
2019-03-14 17:56:44 6816 [Note] InnoDB: from the doublewrite buffer...
2019-03-14 17:56:48 6816 [Note] InnoDB: 128 rollback segment(s) are active.
2019-03-14 17:56:48 6816 [Note] InnoDB: Waiting for purge to start
2019-03-14 17:56:48 6816 [Note] InnoDB: 5.6.13 started; log sequence number 1659823
2019-03-14 17:56:48 6816 [Note] Server hostname (bind-address): '*'; port: 3307
2019-03-14 17:56:48 6816 [Note] IPv6 is available.
2019-03-14 17:56:48 6816 [Note]   - '::' resolves to '::';
2019-03-14 17:56:48 6816 [Note] Server socket created on IP: '::'.
2019-03-14 17:56:56 2096 [Note] Plugin 'FEDERATED' is disabled.
2019-03-14 17:56:56 2096 [Note] InnoDB: The InnoDB memory heap is disabled
2019-03-14 17:56:56 2096 [Note] InnoDB: Mutexes and rw_locks use Windows interlocked functions
2019-03-14 17:56:56 2096 [Note] InnoDB: Compressed tables use zlib 1.2.3
2019-03-14 17:56:56 2096 [Note] InnoDB: Not using CPU crc32 instructions
2019-03-14 17:56:56 2096 [Note] InnoDB: Initializing buffer pool, size = 128.0M
2019-03-14 17:56:56 2096 [Note] InnoDB: Completed initialization of buffer pool
2019-03-14 17:56:56 2096 [Note] InnoDB: Highest supported file format is Barracuda.
2019-03-14 17:56:56 2096 [Note] InnoDB: The log sequence numbers 1626134 and 1626134 in ibdata files do not match the log sequence number 1659823 in the ib_logfiles!
2019-03-14 17:56:56 2096 [Note] InnoDB: Database was not shutdown normally!
2019-03-14 17:56:56 2096 [Note] InnoDB: Starting crash recovery.
2019-03-14 17:56:56 2096 [Note] InnoDB: Reading tablespace information from the .ibd files...
2019-03-14 17:56:56 2096 [Note] InnoDB: Restoring possible half-written data pages 
2019-03-14 17:56:56 2096 [Note] InnoDB: from the doublewrite buffer...
2019-03-14 17:57:00 2096 [Note] InnoDB: 128 rollback segment(s) are active.
2019-03-14 17:57:00 2096 [Note] InnoDB: Waiting for purge to start
2019-03-14 17:57:00 2096 [Note] InnoDB: 5.6.13 started; log sequence number 1659823
2019-03-14 17:57:00 2096 [Note] Server hostname (bind-address): '*'; port: 3307
2019-03-14 17:57:00 2096 [Note] IPv6 is available.
2019-03-14 17:57:00 2096 [Note]   - '::' resolves to '::';
2019-03-14 17:57:00 2096 [Note] Server socket created on IP: '::'.
2019-03-14 17:57:00 2096 [ERROR] Fatal error: Can't open and lock privilege tables: Can't find file: 'user' (errno: 2 - No such file or directory)
2019-03-14 17:57:11 9496 [Note] Plugin 'FEDERATED' is disabled.
2019-03-14 17:57:11 9496 [Note] InnoDB: The InnoDB memory heap is disabled
2019-03-14 17:57:11 9496 [Note] InnoDB: Mutexes and rw_locks use Windows interlocked functions
2019-03-14 17:57:11 9496 [Note] InnoDB: Compressed tables use zlib 1.2.3
2019-03-14 17:57:11 9496 [Note] InnoDB: Not using CPU crc32 instructions
2019-03-14 17:57:11 9496 [Note] InnoDB: Initializing buffer pool, size = 128.0M
2019-03-14 17:57:11 9496 [Note] InnoDB: Completed initialization of buffer pool
2019-03-14 17:57:11 9496 [Note] InnoDB: Highest supported file format is Barracuda.
2019-03-14 17:57:11 9496 [Note] InnoDB: The log sequence numbers 1626134 and 1626134 in ibdata files do not match the log sequence number 1659823 in the ib_logfiles!
2019-03-14 17:57:11 9496 [Note] InnoDB: Database was not shutdown normally!
2019-03-14 17:57:11 9496 [Note] InnoDB: Starting crash recovery.
2019-03-14 17:57:11 9496 [Note] InnoDB: Reading tablespace information from the .ibd files...
2019-03-14 17:57:11 9496 [Note] InnoDB: Restoring possible half-written data pages 
2019-03-14 17:57:11 9496 [Note] InnoDB: from the doublewrite buffer...
2019-03-14 17:57:13 9496 [Note] InnoDB: 128 rollback segment(s) are active.
2019-03-14 17:57:13 9496 [Note] InnoDB: Waiting for purge to start
2019-03-14 17:57:13 9496 [Note] InnoDB: 5.6.13 started; log sequence number 1659823
2019-03-14 17:57:13 9496 [Note] Server hostname (bind-address): '*'; port: 3307
2019-03-14 17:57:13 9496 [Note] IPv6 is available.
2019-03-14 17:57:13 9496 [Note]   - '::' resolves to '::';
2019-03-14 17:57:13 9496 [Note] Server socket created on IP: '::'.
2019-03-14 17:57:13 9496 [ERROR] Fatal error: Can't open and lock privilege tables: Can't find file: 'user' (errno: 2 - No such file or directory)
2019-03-14 17:58:00 8344 [Note] Plugin 'FEDERATED' is disabled.
2019-03-14 17:58:00 8344 [Note] InnoDB: The InnoDB memory heap is disabled
2019-03-14 17:58:00 8344 [Note] InnoDB: Mutexes and rw_locks use Windows interlocked functions
2019-03-14 17:58:00 8344 [Note] InnoDB: Compressed tables use zlib 1.2.3
2019-03-14 17:58:00 8344 [Note] InnoDB: Not using CPU crc32 instructions
2019-03-14 17:58:00 8344 [Note] InnoDB: Initializing buffer pool, size = 128.0M
2019-03-14 17:58:00 8344 [Note] InnoDB: Completed initialization of buffer pool
2019-03-14 17:58:00 8344 [Note] InnoDB: Highest supported file format is Barracuda.
2019-03-14 17:58:00 8344 [Note] InnoDB: The log sequence numbers 1626134 and 1626134 in ibdata files do not match the log sequence number 1659823 in the ib_logfiles!
2019-03-14 17:58:00 8344 [Note] InnoDB: Database was not shutdown normally!
2019-03-14 17:58:00 8344 [Note] InnoDB: Starting crash recovery.
2019-03-14 17:58:00 8344 [Note] InnoDB: Reading tablespace information from the .ibd files...
2019-03-14 17:58:00 8344 [Note] InnoDB: Restoring possible half-written data pages 
2019-03-14 17:58:00 8344 [Note] InnoDB: from the doublewrite buffer...
2019-03-14 17:58:01 8344 [Note] InnoDB: 128 rollback segment(s) are active.
2019-03-14 17:58:01 8344 [Note] InnoDB: Waiting for purge to start
2019-03-14 17:58:01 8344 [Note] InnoDB: 5.6.13 started; log sequence number 1659823
2019-03-14 17:58:01 8344 [Note] Server hostname (bind-address): '*'; port: 3307
2019-03-14 17:58:01 8344 [Note] IPv6 is available.
2019-03-14 17:58:01 8344 [Note]   - '::' resolves to '::';
2019-03-14 17:58:01 8344 [Note] Server socket created on IP: '::'.
2019-03-14 17:58:57 8372 [Note] Plugin 'FEDERATED' is disabled.
2019-03-14 17:58:57 8372 [Note] InnoDB: The InnoDB memory heap is disabled
2019-03-14 17:58:57 8372 [Note] InnoDB: Mutexes and rw_locks use Windows interlocked functions
2019-03-14 17:58:57 8372 [Note] InnoDB: Compressed tables use zlib 1.2.3
2019-03-14 17:58:57 8372 [Note] InnoDB: Not using CPU crc32 instructions
2019-03-14 17:58:57 8372 [Note] InnoDB: Initializing buffer pool, size = 128.0M
2019-03-14 17:58:57 8372 [Note] InnoDB: Completed initialization of buffer pool
2019-03-14 17:58:57 8372 [Note] InnoDB: Highest supported file format is Barracuda.
2019-03-14 17:58:57 8372 [Note] InnoDB: The log sequence numbers 1626134 and 1626134 in ibdata files do not match the log sequence number 1659823 in the ib_logfiles!
2019-03-14 17:58:57 8372 [Note] InnoDB: Database was not shutdown normally!
2019-03-14 17:58:57 8372 [Note] InnoDB: Starting crash recovery.
2019-03-14 17:58:57 8372 [Note] InnoDB: Reading tablespace information from the .ibd files...
2019-03-14 17:58:57 8372 [Note] InnoDB: Restoring possible half-written data pages 
2019-03-14 17:58:57 8372 [Note] InnoDB: from the doublewrite buffer...
2019-03-14 17:58:59 8372 [Note] InnoDB: 128 rollback segment(s) are active.
2019-03-14 17:58:59 8372 [Note] InnoDB: Waiting for purge to start
2019-03-14 17:58:59 8372 [Note] InnoDB: 5.6.13 started; log sequence number 1659823
2019-03-14 17:58:59 8372 [Note] Server hostname (bind-address): '*'; port: 3307
2019-03-14 17:58:59 8372 [Note] IPv6 is available.
2019-03-14 17:58:59 8372 [Note]   - '::' resolves to '::';
2019-03-14 17:58:59 8372 [Note] Server socket created on IP: '::'.
2019-04-04 14:37:36 4084 [Note] Plugin 'FEDERATED' is disabled.
2019-04-04 14:37:36 4084 [Note] InnoDB: The InnoDB memory heap is disabled
2019-04-04 14:37:36 4084 [Note] InnoDB: Mutexes and rw_locks use Windows interlocked functions
2019-04-04 14:37:36 4084 [Note] InnoDB: Compressed tables use zlib 1.2.3
2019-04-04 14:37:36 4084 [Note] InnoDB: Not using CPU crc32 instructions
2019-04-04 14:37:36 4084 [Note] InnoDB: Initializing buffer pool, size = 128.0M
2019-04-04 14:37:36 4084 [Note] InnoDB: Completed initialization of buffer pool
2019-04-04 14:37:37 4084 [Note] InnoDB: Highest supported file format is Barracuda.
2019-04-04 14:37:37 4084 [Note] InnoDB: The log sequence numbers 1626134 and 1626134 in ibdata files do not match the log sequence number 1873269 in the ib_logfiles!
2019-04-04 14:37:37 4084 [Note] InnoDB: Database was not shutdown normally!
2019-04-04 14:37:37 4084 [Note] InnoDB: Starting crash recovery.
2019-04-04 14:37:37 4084 [Note] InnoDB: Reading tablespace information from the .ibd files...
2019-04-04 14:37:38 4084 [Note] InnoDB: Restoring possible half-written data pages 
2019-04-04 14:37:38 4084 [Note] InnoDB: from the doublewrite buffer...
2019-04-04 14:37:40 4084 [Note] InnoDB: 128 rollback segment(s) are active.
2019-04-04 14:37:40 4084 [Note] InnoDB: Waiting for purge to start
2019-04-04 14:37:40 4084 [Note] InnoDB: 5.6.13 started; log sequence number 1873269
2019-04-04 14:37:40 4084 [Note] Server hostname (bind-address): '*'; port: 3307
2019-04-04 14:37:40 4084 [Note] IPv6 is available.
2019-04-04 14:37:40 4084 [Note]   - '::' resolves to '::';
2019-04-04 14:37:40 4084 [Note] Server socket created on IP: '::'.
2019-04-04 22:17:03 3852 [Note] Plugin 'FEDERATED' is disabled.
2019-04-04 22:17:03 3852 [Note] InnoDB: The InnoDB memory heap is disabled
2019-04-04 22:17:03 3852 [Note] InnoDB: Mutexes and rw_locks use Windows interlocked functions
2019-04-04 22:17:03 3852 [Note] InnoDB: Compressed tables use zlib 1.2.3
2019-04-04 22:17:03 3852 [Note] InnoDB: Not using CPU crc32 instructions
2019-04-04 22:17:03 3852 [Note] InnoDB: Initializing buffer pool, size = 128.0M
2019-04-04 22:17:03 3852 [Note] InnoDB: Completed initialization of buffer pool
2019-04-04 22:17:04 3852 [Note] InnoDB: Highest supported file format is Barracuda.
2019-04-04 22:17:04 3852 [Note] InnoDB: The log sequence numbers 1626134 and 1626134 in ibdata files do not match the log sequence number 1943886 in the ib_logfiles!
2019-04-04 22:17:04 3852 [Note] InnoDB: Database was not shutdown normally!
2019-04-04 22:17:04 3852 [Note] InnoDB: Starting crash recovery.
2019-04-04 22:17:04 3852 [Note] InnoDB: Reading tablespace information from the .ibd files...
2019-04-04 22:17:04 3852 [Note] InnoDB: Restoring possible half-written data pages 
2019-04-04 22:17:04 3852 [Note] InnoDB: from the doublewrite buffer...
2019-04-04 22:17:04 3852 [Note] InnoDB: 128 rollback segment(s) are active.
2019-04-04 22:17:04 3852 [Note] InnoDB: Waiting for purge to start
2019-04-04 22:17:04 3852 [Note] InnoDB: 5.6.13 started; log sequence number 1943886
2019-04-04 22:17:04 3852 [Note] Server hostname (bind-address): '*'; port: 3307
2019-04-04 22:17:04 3852 [Note] IPv6 is available.
2019-04-04 22:17:04 3852 [Note]   - '::' resolves to '::';
2019-04-04 22:17:04 3852 [Note] Server socket created on IP: '::'.
2019-04-04 23:05:00 6184 [Note] Plugin 'FEDERATED' is disabled.
2019-04-04 23:05:00 6184 [Note] InnoDB: The InnoDB memory heap is disabled
2019-04-04 23:05:00 6184 [Note] InnoDB: Mutexes and rw_locks use Windows interlocked functions
2019-04-04 23:05:00 6184 [Note] InnoDB: Compressed tables use zlib 1.2.3
2019-04-04 23:05:00 6184 [Note] InnoDB: Not using CPU crc32 instructions
2019-04-04 23:05:00 6184 [Note] InnoDB: Initializing buffer pool, size = 128.0M
2019-04-04 23:05:00 6184 [Note] InnoDB: Completed initialization of buffer pool
2019-04-04 23:05:01 6184 [Note] InnoDB: Highest supported file format is Barracuda.
2019-04-04 23:05:01 6184 [Note] InnoDB: The log sequence numbers 1626134 and 1626134 in ibdata files do not match the log sequence number 1973565 in the ib_logfiles!
2019-04-04 23:05:01 6184 [Note] InnoDB: Database was not shutdown normally!
2019-04-04 23:05:01 6184 [Note] InnoDB: Starting crash recovery.
2019-04-04 23:05:01 6184 [Note] InnoDB: Reading tablespace information from the .ibd files...
2019-04-04 23:05:03 6184 [Note] InnoDB: Restoring possible half-written data pages 
2019-04-04 23:05:03 6184 [Note] InnoDB: from the doublewrite buffer...
2019-04-04 23:05:07 6184 [Note] InnoDB: 128 rollback segment(s) are active.
2019-04-04 23:05:07 6184 [Note] InnoDB: Waiting for purge to start
2019-04-04 23:05:07 6184 [Note] InnoDB: 5.6.13 started; log sequence number 1973565
2019-04-04 23:05:07 6184 [Note] Server hostname (bind-address): '*'; port: 3307
2019-04-04 23:05:07 6184 [Note] IPv6 is available.
2019-04-04 23:05:07 6184 [Note]   - '::' resolves to '::';
2019-04-04 23:05:07 6184 [Note] Server socket created on IP: '::'.
